{"/Users/justinedavid/Documents/HR-LAX42/SDC/Products-API/mockServer.js": {"path":"/Users/justinedavid/Documents/HR-LAX42/SDC/Products-API/mockServer.js","statementMap":{"0":{"start":{"line":1,"column":16},"end":{"line":1,"column":34}},"1":{"start":{"line":2,"column":13},"end":{"line":2,"column":28}},"2":{"start":{"line":3,"column":15},"end":{"line":3,"column":32}},"3":{"start":{"line":4,"column":13},"end":{"line":4,"column":28}},"4":{"start":{"line":5,"column":19},"end":{"line":5,"column":41}},"5":{"start":{"line":7,"column":15},"end":{"line":7,"column":44}},"6":{"start":{"line":9,"column":15},"end":{"line":9,"column":24}},"7":{"start":{"line":10,"column":13},"end":{"line":10,"column":17}},"8":{"start":{"line":12,"column":0},"end":{"line":12,"column":26}},"9":{"start":{"line":13,"column":0},"end":{"line":13,"column":30}},"10":{"start":{"line":14,"column":0},"end":{"line":14,"column":19}},"11":{"start":{"line":17,"column":0},"end":{"line":17,"column":32}},"12":{"start":{"line":19,"column":0},"end":{"line":19,"column":24}}},"fnMap":{},"branchMap":{},"s":{"0":1,"1":1,"2":1,"3":1,"4":1,"5":1,"6":1,"7":1,"8":1,"9":1,"10":1,"11":1,"12":1},"f":{},"b":{},"_coverageSchema":"1a1c01bbd47fc00a2c39e90264f33305004495a9","hash":"075079e4bc9ec1b04da76c5c85d5074a26769f61"}
,"/Users/justinedavid/Documents/HR-LAX42/SDC/Products-API/database/dbhelpers.js": {"path":"/Users/justinedavid/Documents/HR-LAX42/SDC/Products-API/database/dbhelpers.js","statementMap":{"0":{"start":{"line":1,"column":13},"end":{"line":1,"column":26}},"1":{"start":{"line":3,"column":0},"end":{"line":66,"column":2}},"2":{"start":{"line":5,"column":4},"end":{"line":7,"column":6}},"3":{"start":{"line":6,"column":6},"end":{"line":6,"column":29}},"4":{"start":{"line":10,"column":19},"end":{"line":10,"column":266}},"5":{"start":{"line":11,"column":4},"end":{"line":13,"column":6}},"6":{"start":{"line":12,"column":6},"end":{"line":12,"column":29}},"7":{"start":{"line":17,"column":4},"end":{"line":56,"column":27}},"8":{"start":{"line":57,"column":4},"end":{"line":59,"column":6}},"9":{"start":{"line":58,"column":6},"end":{"line":58,"column":29}},"10":{"start":{"line":62,"column":4},"end":{"line":64,"column":6}},"11":{"start":{"line":63,"column":6},"end":{"line":63,"column":29}}},"fnMap":{"0":{"name":"(anonymous_0)","decl":{"start":{"line":4,"column":18},"end":{"line":4,"column":19}},"loc":{"start":{"line":4,"column":32},"end":{"line":8,"column":3}},"line":4},"1":{"name":"(anonymous_1)","decl":{"start":{"line":5,"column":37},"end":{"line":5,"column":38}},"loc":{"start":{"line":5,"column":55},"end":{"line":7,"column":5}},"line":5},"2":{"name":"(anonymous_2)","decl":{"start":{"line":9,"column":18},"end":{"line":9,"column":19}},"loc":{"start":{"line":9,"column":36},"end":{"line":14,"column":3}},"line":9},"3":{"name":"(anonymous_3)","decl":{"start":{"line":11,"column":25},"end":{"line":11,"column":26}},"loc":{"start":{"line":11,"column":43},"end":{"line":13,"column":5}},"line":11},"4":{"name":"(anonymous_4)","decl":{"start":{"line":15,"column":13},"end":{"line":15,"column":14}},"loc":{"start":{"line":15,"column":31},"end":{"line":60,"column":3}},"line":15},"5":{"name":"(anonymous_5)","decl":{"start":{"line":57,"column":25},"end":{"line":57,"column":26}},"loc":{"start":{"line":57,"column":43},"end":{"line":59,"column":5}},"line":57},"6":{"name":"(anonymous_6)","decl":{"start":{"line":61,"column":22},"end":{"line":61,"column":23}},"loc":{"start":{"line":61,"column":40},"end":{"line":65,"column":3}},"line":61},"7":{"name":"(anonymous_7)","decl":{"start":{"line":62,"column":98},"end":{"line":62,"column":99}},"loc":{"start":{"line":62,"column":116},"end":{"line":64,"column":5}},"line":62}},"branchMap":{},"s":{"0":1,"1":1,"2":0,"3":0,"4":1,"5":1,"6":1,"7":1,"8":1,"9":1,"10":1,"11":1},"f":{"0":0,"1":0,"2":1,"3":1,"4":1,"5":1,"6":1,"7":1},"b":{},"_coverageSchema":"1a1c01bbd47fc00a2c39e90264f33305004495a9","hash":"09649a0879d5c69e6acde6a66421a67c9166b91a"}
,"/Users/justinedavid/Documents/HR-LAX42/SDC/Products-API/database/index.js": {"path":"/Users/justinedavid/Documents/HR-LAX42/SDC/Products-API/database/index.js","statementMap":{"0":{"start":{"line":1,"column":13},"end":{"line":1,"column":31}},"1":{"start":{"line":3,"column":13},"end":{"line":9,"column":2}},"2":{"start":{"line":11,"column":0},"end":{"line":11,"column":22}}},"fnMap":{},"branchMap":{},"s":{"0":1,"1":1,"2":1},"f":{},"b":{},"_coverageSchema":"1a1c01bbd47fc00a2c39e90264f33305004495a9","hash":"e2833df289450088394a62427107c635b9d0f2e2"}
,"/Users/justinedavid/Documents/HR-LAX42/SDC/Products-API/server/controller.js": {"path":"/Users/justinedavid/Documents/HR-LAX42/SDC/Products-API/server/controller.js","statementMap":{"0":{"start":{"line":1,"column":11},"end":{"line":1,"column":46}},"1":{"start":{"line":3,"column":19},"end":{"line":32,"column":1}},"2":{"start":{"line":6,"column":4},"end":{"line":9,"column":7}},"3":{"start":{"line":7,"column":6},"end":{"line":8,"column":46}},"4":{"start":{"line":7,"column":15},"end":{"line":7,"column":41}},"5":{"start":{"line":8,"column":11},"end":{"line":8,"column":46}},"6":{"start":{"line":13,"column":4},"end":{"line":16,"column":7}},"7":{"start":{"line":14,"column":6},"end":{"line":15,"column":49}},"8":{"start":{"line":14,"column":15},"end":{"line":14,"column":41}},"9":{"start":{"line":15,"column":11},"end":{"line":15,"column":49}},"10":{"start":{"line":20,"column":4},"end":{"line":23,"column":7}},"11":{"start":{"line":21,"column":6},"end":{"line":22,"column":49}},"12":{"start":{"line":21,"column":15},"end":{"line":21,"column":41}},"13":{"start":{"line":22,"column":11},"end":{"line":22,"column":49}},"14":{"start":{"line":27,"column":4},"end":{"line":30,"column":7}},"15":{"start":{"line":28,"column":6},"end":{"line":29,"column":58}},"16":{"start":{"line":28,"column":15},"end":{"line":28,"column":41}},"17":{"start":{"line":29,"column":11},"end":{"line":29,"column":58}},"18":{"start":{"line":34,"column":0},"end":{"line":34,"column":28}}},"fnMap":{"0":{"name":"(anonymous_0)","decl":{"start":{"line":5,"column":18},"end":{"line":5,"column":19}},"loc":{"start":{"line":5,"column":32},"end":{"line":10,"column":3}},"line":5},"1":{"name":"(anonymous_1)","decl":{"start":{"line":6,"column":22},"end":{"line":6,"column":23}},"loc":{"start":{"line":6,"column":40},"end":{"line":9,"column":5}},"line":6},"2":{"name":"(anonymous_2)","decl":{"start":{"line":12,"column":18},"end":{"line":12,"column":19}},"loc":{"start":{"line":12,"column":32},"end":{"line":17,"column":3}},"line":12},"3":{"name":"(anonymous_3)","decl":{"start":{"line":13,"column":45},"end":{"line":13,"column":46}},"loc":{"start":{"line":13,"column":63},"end":{"line":16,"column":5}},"line":13},"4":{"name":"(anonymous_4)","decl":{"start":{"line":19,"column":13},"end":{"line":19,"column":14}},"loc":{"start":{"line":19,"column":27},"end":{"line":24,"column":3}},"line":19},"5":{"name":"(anonymous_5)","decl":{"start":{"line":20,"column":40},"end":{"line":20,"column":41}},"loc":{"start":{"line":20,"column":58},"end":{"line":23,"column":5}},"line":20},"6":{"name":"(anonymous_6)","decl":{"start":{"line":26,"column":22},"end":{"line":26,"column":23}},"loc":{"start":{"line":26,"column":36},"end":{"line":31,"column":3}},"line":26},"7":{"name":"(anonymous_7)","decl":{"start":{"line":27,"column":49},"end":{"line":27,"column":50}},"loc":{"start":{"line":27,"column":67},"end":{"line":30,"column":5}},"line":27}},"branchMap":{"0":{"loc":{"start":{"line":7,"column":6},"end":{"line":8,"column":46}},"type":"if","locations":[{"start":{"line":7,"column":6},"end":{"line":8,"column":46}},{"start":{"line":7,"column":6},"end":{"line":8,"column":46}}],"line":7},"1":{"loc":{"start":{"line":14,"column":6},"end":{"line":15,"column":49}},"type":"if","locations":[{"start":{"line":14,"column":6},"end":{"line":15,"column":49}},{"start":{"line":14,"column":6},"end":{"line":15,"column":49}}],"line":14},"2":{"loc":{"start":{"line":21,"column":6},"end":{"line":22,"column":49}},"type":"if","locations":[{"start":{"line":21,"column":6},"end":{"line":22,"column":49}},{"start":{"line":21,"column":6},"end":{"line":22,"column":49}}],"line":21},"3":{"loc":{"start":{"line":28,"column":6},"end":{"line":29,"column":58}},"type":"if","locations":[{"start":{"line":28,"column":6},"end":{"line":29,"column":58}},{"start":{"line":28,"column":6},"end":{"line":29,"column":58}}],"line":28}},"s":{"0":1,"1":1,"2":0,"3":0,"4":0,"5":0,"6":1,"7":1,"8":0,"9":1,"10":1,"11":1,"12":0,"13":1,"14":1,"15":1,"16":0,"17":1,"18":1},"f":{"0":0,"1":0,"2":1,"3":1,"4":1,"5":1,"6":1,"7":1},"b":{"0":[0,0],"1":[0,1],"2":[0,1],"3":[0,1]},"_coverageSchema":"1a1c01bbd47fc00a2c39e90264f33305004495a9","hash":"02c25434f0b8924ec2d33de40345c14b509d6a84"}
,"/Users/justinedavid/Documents/HR-LAX42/SDC/Products-API/server/router.js": {"path":"/Users/justinedavid/Documents/HR-LAX42/SDC/Products-API/server/router.js","statementMap":{"0":{"start":{"line":1,"column":15},"end":{"line":1,"column":42}},"1":{"start":{"line":2,"column":19},"end":{"line":2,"column":42}},"2":{"start":{"line":4,"column":0},"end":{"line":6,"column":33}},"3":{"start":{"line":8,"column":0},"end":{"line":10,"column":33}},"4":{"start":{"line":12,"column":0},"end":{"line":14,"column":28}},"5":{"start":{"line":16,"column":0},"end":{"line":18,"column":37}},"6":{"start":{"line":20,"column":2},"end":{"line":20,"column":26}}},"fnMap":{},"branchMap":{},"s":{"0":1,"1":1,"2":1,"3":1,"4":1,"5":1,"6":1},"f":{},"b":{},"_coverageSchema":"1a1c01bbd47fc00a2c39e90264f33305004495a9","hash":"1109a435cff66b365d4f782b36c5ca9eb1748b93"}
}
